<?xml version="1.0" encoding="UTF-8"?>
<testsuite name="Registro de usuario" tests="1" skipped="0" failures="0" errors="0" timestamp="2021-05-31T03:23:25" hostname="DESKTOP-7NVI6VL" time="66.711">
  <properties/>
  <testcase name="Registro exitoso" classname="Registro de usuario" time="66.711"/>
  <system-out><![CDATA[]]></system-out>
  <system-err><![CDATA[Starting ChromeDriver 90.0.4430.24 (4c6d850f087da467d926e8eddb76550aed655991-refs/branch-heads/4430@{#429}) on port 42729
Only local connections are allowed.
Please see https://chromedriver.chromium.org/security-considerations for suggestions on keeping ChromeDriver safe.
ChromeDriver was started successfully.
May 30, 2021 10:23:52 PM org.openqa.selenium.remote.ProtocolHandshake createSession
INFO: Detected dialect: W3C
]]></system-err>
</testsuite>
